[23:32:33] [ServerMain/INFO]: Environment: authHost='https://authserver.mojang.com', accountsHost='https://api.mojang.com', sessionHost='https://sessionserver.mojang.com', servicesHost='https://api.minecraftservices.com', name='PROD'
[23:32:34] [ServerMain/INFO]: Loaded 7 recipes
[23:32:35] [ServerMain/INFO]: Loaded 1271 advancements
[23:32:35] [Server thread/INFO]: Starting minecraft server version 1.20.1
[23:32:35] [Server thread/INFO]: Loading properties
[23:32:35] [Server thread/INFO]: Default game type: CREATIVE
[23:32:35] [Server thread/INFO]: Generating keypair
[23:32:35] [Server thread/INFO]: Starting Minecraft server on *:25565
[23:32:35] [Server thread/INFO]: Using default channel type
[23:32:35] [Server thread/INFO]: Preparing level "world"
[23:32:35] [Server thread/INFO]: Preparing start region for dimension minecraft:overworld
[23:32:37] [User Authenticator #1/INFO]: UUID of player __Curse is c39a9f27-c03d-4d66-8dba-dfc29a468cdc
[23:32:37] [Worker-Main-7/INFO]: Preparing spawn area: 0%
[23:32:37] [Worker-Main-8/INFO]: Preparing spawn area: 0%
[23:32:37] [Worker-Main-8/INFO]: Preparing spawn area: 0%
[23:32:37] [Worker-Main-8/INFO]: Preparing spawn area: 0%
[23:32:37] [Worker-Main-4/INFO]: Preparing spawn area: 5%
[23:32:38] [Worker-Main-4/INFO]: Preparing spawn area: 96%
[23:32:38] [Server thread/INFO]: Time elapsed: 2514 ms
[23:32:38] [Server thread/INFO]: Done (2.632s)! For help, type "help"
[23:32:38] [Server thread/INFO]: __Curse[/127.0.0.1:34431] logged in with entity id 1 at (9.782403513983237, -60.0, -2.4723211996495276)
[23:32:38] [Server thread/INFO]: __Curse joined the game
[23:32:38] [Server thread/INFO]: __Curse has the following entity data: {Brain: {memories: {}}, HurtByTimestamp: 0, SleepTimer: 0s, Attributes: [{Base: 0.10000000149011612d, Name: "minecraft:generic.movement_speed"}], Invulnerable: 0b, FallFlying: 0b, PortalCooldown: 0, AbsorptionAmount: 0.0f, abilities: {invulnerable: 1b, mayfly: 1b, instabuild: 1b, walkSpeed: 0.1f, mayBuild: 1b, flying: 0b, flySpeed: 0.05f}, FallDistance: 0.0f, recipeBook: {recipes: ["minecraft:stone_stairs_from_stone_stonecutting", "minecraft:barrel", "minecraft:stone_shovel", "minecraft:cobblestone_stairs", "minecraft:crafting_table", "minecraft:cobblestone_wall_from_cobblestone_stonecutting", "minecraft:stone_stairs", "minecraft:stone", "minecraft:cobblestone_wall", "minecraft:stone_hoe", "minecraft:stone_brick_stairs_from_stone_stonecutting", "minecraft:stone_slab_from_stone_stonecutting", "minecraft:lever", "minecraft:stone_pressure_plate", "minecraft:stone_sword", "minecraft:stone_button", "minecraft:stonecutter", "minecraft:stone_pickaxe", "minecraft:stone_brick_slab_from_stone_stonecutting", "minecraft:cobblestone_slab", "minecraft:chiseled_stone_bricks_stone_from_stonecutting", "minecraft:composter", "minecraft:furnace", "minecraft:stone_bricks", "minecraft:stone_slab", "minecraft:stone_brick_walls_from_stone_stonecutting", "minecraft:cobblestone_stairs_from_cobblestone_stonecutting", "minecraft:stone_bricks_from_stone_stonecutting", "minecraft:cobblestone_slab_from_cobblestone_stonecutting", "minecraft:stone_axe", "minecraft:smooth_stone"], isBlastingFurnaceFilteringCraftable: 0b, isSmokerGuiOpen: 0b, isFilteringCraftable: 0b, toBeDisplayed: ["minecraft:stone_stairs_from_stone_stonecutting", "minecraft:barrel", "minecraft:stone_shovel", "minecraft:cobblestone_stairs", "minecraft:crafting_table", "minecraft:cobblestone_wall_from_cobblestone_stonecutting", "minecraft:stone_stairs", "minecraft:stone", "minecraft:cobblestone_wall", "minecraft:stone_hoe", "minecraft:stone_brick_stairs_from_stone_stonecutting", "minecraft:stone_slab_from_stone_stonecutting", "minecraft:lever", "minecraft:stone_pressure_plate", "minecraft:stone_sword", "minecraft:stone_button", "minecraft:stonecutter", "minecraft:stone_pickaxe", "minecraft:stone_brick_slab_from_stone_stonecutting", "minecraft:cobblestone_slab", "minecraft:chiseled_stone_bricks_stone_from_stonecutting", "minecraft:composter", "minecraft:furnace", "minecraft:stone_bricks", "minecraft:stone_slab", "minecraft:stone_brick_walls_from_stone_stonecutting", "minecraft:cobblestone_stairs_from_cobblestone_stonecutting", "minecraft:stone_bricks_from_stone_stonecutting", "minecraft:cobblestone_slab_from_cobblestone_stonecutting", "minecraft:stone_axe", "minecraft:smooth_stone"], isFurnaceGuiOpen: 0b, isGuiOpen: 0b, isFurnaceFilteringCraftable: 0b, isBlastingFurnaceGuiOpen: 0b, isSmokerFilteringCraftable: 0b}, DeathTime: 0s, XpSeed: 28929306, XpTotal: 0, UUID: [I; -1013276889, -1069724314, -1917132862, -1706652452], playerGameType: 1, SelectedItem: {id: "minecraft:stone", Count: 1b}, seenCredits: 0b, Motion: [0.0d, -0.0784000015258789d, 0.0d], Health: 20.0f, foodSaturationLevel: 5.0f, Air: 300s, OnGround: 1b, Dimension: "minecraft:overworld", Rotation: [2.9777832f, 28.800665f], XpLevel: 0, warden_spawn_tracker: {warning_level: 0, ticks_since_last_warning: 7360, cooldown_ticks: 0}, Score: 0, Pos: [9.782403513983237d, -60.0d, -2.4723211996495276d], Fire: -20s, XpP: 0.0f, EnderItems: [], DataVersion: 3465, foodLevel: 20, foodExhaustionLevel: 0.0f, HurtTime: 0s, SelectedItemSlot: 1, Inventory: [{Slot: 0b, id: "minecraft:spruce_door", Count: 1b}, {Slot: 1b, id: "minecraft:stone", Count: 1b}], LastDeathLocation: {pos: [I; 10, -60, 15], dimension: "minecraft:overworld"}, foodTickTimer: 0}
[23:32:43] [Server thread/INFO]: <__Curse> summonDoor
[23:32:43] [Server thread/INFO]: __Curse has the following entity data: {Brain: {memories: {}}, HurtByTimestamp: 0, SleepTimer: 0s, Attributes: [{Base: 0.10000000149011612d, Name: "minecraft:generic.movement_speed"}], Invulnerable: 0b, FallFlying: 0b, PortalCooldown: 0, AbsorptionAmount: 0.0f, abilities: {invulnerable: 1b, mayfly: 1b, instabuild: 1b, walkSpeed: 0.1f, mayBuild: 1b, flying: 0b, flySpeed: 0.05f}, FallDistance: 0.0f, recipeBook: {recipes: ["minecraft:stone_stairs_from_stone_stonecutting", "minecraft:barrel", "minecraft:stone_shovel", "minecraft:cobblestone_stairs", "minecraft:crafting_table", "minecraft:cobblestone_wall_from_cobblestone_stonecutting", "minecraft:stone_stairs", "minecraft:stone", "minecraft:cobblestone_wall", "minecraft:stone_hoe", "minecraft:stone_brick_stairs_from_stone_stonecutting", "minecraft:stone_slab_from_stone_stonecutting", "minecraft:lever", "minecraft:stone_pressure_plate", "minecraft:stone_sword", "minecraft:stone_button", "minecraft:stonecutter", "minecraft:stone_pickaxe", "minecraft:stone_brick_slab_from_stone_stonecutting", "minecraft:cobblestone_slab", "minecraft:chiseled_stone_bricks_stone_from_stonecutting", "minecraft:composter", "minecraft:furnace", "minecraft:stone_bricks", "minecraft:stone_slab", "minecraft:stone_brick_walls_from_stone_stonecutting", "minecraft:cobblestone_stairs_from_cobblestone_stonecutting", "minecraft:stone_bricks_from_stone_stonecutting", "minecraft:cobblestone_slab_from_cobblestone_stonecutting", "minecraft:stone_axe", "minecraft:smooth_stone"], isBlastingFurnaceFilteringCraftable: 0b, isSmokerGuiOpen: 0b, isFilteringCraftable: 0b, toBeDisplayed: ["minecraft:stone_stairs_from_stone_stonecutting", "minecraft:barrel", "minecraft:stone_shovel", "minecraft:cobblestone_stairs", "minecraft:crafting_table", "minecraft:cobblestone_wall_from_cobblestone_stonecutting", "minecraft:stone_stairs", "minecraft:stone", "minecraft:cobblestone_wall", "minecraft:stone_hoe", "minecraft:stone_brick_stairs_from_stone_stonecutting", "minecraft:stone_slab_from_stone_stonecutting", "minecraft:lever", "minecraft:stone_pressure_plate", "minecraft:stone_sword", "minecraft:stone_button", "minecraft:stonecutter", "minecraft:stone_pickaxe", "minecraft:stone_brick_slab_from_stone_stonecutting", "minecraft:cobblestone_slab", "minecraft:chiseled_stone_bricks_stone_from_stonecutting", "minecraft:composter", "minecraft:furnace", "minecraft:stone_bricks", "minecraft:stone_slab", "minecraft:stone_brick_walls_from_stone_stonecutting", "minecraft:cobblestone_stairs_from_cobblestone_stonecutting", "minecraft:stone_bricks_from_stone_stonecutting", "minecraft:cobblestone_slab_from_cobblestone_stonecutting", "minecraft:stone_axe", "minecraft:smooth_stone"], isFurnaceGuiOpen: 0b, isGuiOpen: 0b, isFurnaceFilteringCraftable: 0b, isBlastingFurnaceGuiOpen: 0b, isSmokerFilteringCraftable: 0b}, DeathTime: 0s, XpSeed: 28929306, XpTotal: 0, UUID: [I; -1013276889, -1069724314, -1917132862, -1706652452], playerGameType: 1, SelectedItem: {id: "minecraft:stone", Count: 1b}, seenCredits: 0b, Motion: [0.0d, -0.0784000015258789d, 0.0d], Health: 20.0f, foodSaturationLevel: 5.0f, Air: 300s, OnGround: 1b, Dimension: "minecraft:overworld", Rotation: [-0.7722176f, 27.750668f], XpLevel: 0, warden_spawn_tracker: {warning_level: 0, ticks_since_last_warning: 7470, cooldown_ticks: 0}, Score: 0, Pos: [9.782403513983237d, -60.0d, -2.4723211996495276d], Fire: -20s, XpP: 0.0f, EnderItems: [], DataVersion: 3465, foodLevel: 20, foodExhaustionLevel: 0.0f, HurtTime: 0s, SelectedItemSlot: 1, Inventory: [{Slot: 0b, id: "minecraft:spruce_door", Count: 1b}, {Slot: 1b, id: "minecraft:stone", Count: 1b}], LastDeathLocation: {pos: [I; 10, -60, 15], dimension: "minecraft:overworld"}, foodTickTimer: 0}
[23:32:44] [Server thread/INFO]: Summoned new Block Display
[23:32:44] [Server thread/INFO]: Modified entity data of 81a03533-b63b-44af-9246-bcb2c5542cac
[23:32:44] [Server thread/INFO]: Summoned new Block Display
[23:32:44] [Server thread/INFO]: Modified entity data of 3fc94407-9875-4707-9a75-3129a8d90530
[23:32:44] [Server thread/INFO]: Summoned new Block Display
[23:32:44] [Server thread/INFO]: Modified entity data of e6394ec0-6b4f-4ade-9a56-68a1b4c703cf
[23:32:44] [Server thread/INFO]: Summoned new Block Display
[23:32:44] [Server thread/INFO]: Modified entity data of d4b6a69d-5b70-4869-b7c9-e7ef97c14562
[23:32:50] [Server thread/INFO]: <__Curse> rotateDoor
[23:32:50] [Server thread/INFO]: Modified entity data of 81a03533-b63b-44af-9246-bcb2c5542cac
[23:32:50] [Server thread/INFO]: Modified entity data of 3fc94407-9875-4707-9a75-3129a8d90530
[23:32:50] [Server thread/INFO]: Modified entity data of e6394ec0-6b4f-4ade-9a56-68a1b4c703cf
[23:32:50] [Server thread/INFO]: Modified entity data of d4b6a69d-5b70-4869-b7c9-e7ef97c14562
[23:36:23] [Server thread/INFO]: <__Curse> un-rotateDoor
[23:36:23] [Server thread/INFO]: Modified entity data of 81a03533-b63b-44af-9246-bcb2c5542cac
[23:36:23] [Server thread/INFO]: Modified entity data of 3fc94407-9875-4707-9a75-3129a8d90530
[23:36:23] [Server thread/INFO]: Modified entity data of e6394ec0-6b4f-4ade-9a56-68a1b4c703cf
[23:36:23] [Server thread/INFO]: Modified entity data of d4b6a69d-5b70-4869-b7c9-e7ef97c14562
[23:36:28] [Server thread/INFO]: <__Curse> rotateDoor
[23:36:28] [Server thread/INFO]: Modified entity data of 81a03533-b63b-44af-9246-bcb2c5542cac
[23:36:28] [Server thread/INFO]: Modified entity data of 3fc94407-9875-4707-9a75-3129a8d90530
[23:36:28] [Server thread/INFO]: Modified entity data of e6394ec0-6b4f-4ade-9a56-68a1b4c703cf
[23:36:28] [Server thread/INFO]: Modified entity data of d4b6a69d-5b70-4869-b7c9-e7ef97c14562
[23:36:33] [Server thread/INFO]: <__Curse> kill-all
[23:36:33] [Server thread/INFO]: Killed 4 entities
[23:36:38] [Server thread/INFO]: <__Curse> summonDoor
[23:36:38] [Server thread/INFO]: __Curse has the following entity data: {Brain: {memories: {}}, HurtByTimestamp: 0, SleepTimer: 0s, Attributes: [{Base: 0.10000000149011612d, Name: "minecraft:generic.movement_speed"}], Invulnerable: 0b, FallFlying: 0b, PortalCooldown: 0, AbsorptionAmount: 0.0f, abilities: {invulnerable: 1b, mayfly: 1b, instabuild: 1b, walkSpeed: 0.1f, mayBuild: 1b, flying: 0b, flySpeed: 0.05f}, FallDistance: 0.0f, recipeBook: {recipes: ["minecraft:stone_stairs_from_stone_stonecutting", "minecraft:barrel", "minecraft:stone_shovel", "minecraft:cobblestone_stairs", "minecraft:crafting_table", "minecraft:cobblestone_wall_from_cobblestone_stonecutting", "minecraft:stone_stairs", "minecraft:stone", "minecraft:cobblestone_wall", "minecraft:stone_hoe", "minecraft:stone_brick_stairs_from_stone_stonecutting", "minecraft:stone_slab_from_stone_stonecutting", "minecraft:lever", "minecraft:stone_pressure_plate", "minecraft:stone_sword", "minecraft:stone_button", "minecraft:stonecutter", "minecraft:stone_pickaxe", "minecraft:stone_brick_slab_from_stone_stonecutting", "minecraft:cobblestone_slab", "minecraft:chiseled_stone_bricks_stone_from_stonecutting", "minecraft:composter", "minecraft:furnace", "minecraft:stone_bricks", "minecraft:stone_slab", "minecraft:stone_brick_walls_from_stone_stonecutting", "minecraft:cobblestone_stairs_from_cobblestone_stonecutting", "minecraft:stone_bricks_from_stone_stonecutting", "minecraft:cobblestone_slab_from_cobblestone_stonecutting", "minecraft:stone_axe", "minecraft:smooth_stone"], isBlastingFurnaceFilteringCraftable: 0b, isSmokerGuiOpen: 0b, isFilteringCraftable: 0b, toBeDisplayed: ["minecraft:stone_stairs_from_stone_stonecutting", "minecraft:barrel", "minecraft:stone_shovel", "minecraft:cobblestone_stairs", "minecraft:crafting_table", "minecraft:cobblestone_wall_from_cobblestone_stonecutting", "minecraft:stone_stairs", "minecraft:stone", "minecraft:cobblestone_wall", "minecraft:stone_hoe", "minecraft:stone_brick_stairs_from_stone_stonecutting", "minecraft:stone_slab_from_stone_stonecutting", "minecraft:lever", "minecraft:stone_pressure_plate", "minecraft:stone_sword", "minecraft:stone_button", "minecraft:stonecutter", "minecraft:stone_pickaxe", "minecraft:stone_brick_slab_from_stone_stonecutting", "minecraft:cobblestone_slab", "minecraft:chiseled_stone_bricks_stone_from_stonecutting", "minecraft:composter", "minecraft:furnace", "minecraft:stone_bricks", "minecraft:stone_slab", "minecraft:stone_brick_walls_from_stone_stonecutting", "minecraft:cobblestone_stairs_from_cobblestone_stonecutting", "minecraft:stone_bricks_from_stone_stonecutting", "minecraft:cobblestone_slab_from_cobblestone_stonecutting", "minecraft:stone_axe", "minecraft:smooth_stone"], isFurnaceGuiOpen: 0b, isGuiOpen: 0b, isFurnaceFilteringCraftable: 0b, isBlastingFurnaceGuiOpen: 0b, isSmokerFilteringCraftable: 0b}, DeathTime: 0s, XpSeed: 28929306, XpTotal: 0, UUID: [I; -1013276889, -1069724314, -1917132862, -1706652452], playerGameType: 1, SelectedItem: {id: "minecraft:stone", Count: 1b}, seenCredits: 0b, Motion: [0.0d, -0.0784000015258789d, 0.0d], Health: 20.0f, foodSaturationLevel: 5.0f, Air: 300s, OnGround: 1b, Dimension: "minecraft:overworld", Rotation: [0.12778266f, 26.100672f], XpLevel: 0, warden_spawn_tracker: {warning_level: 0, ticks_since_last_warning: 156, cooldown_ticks: 0}, Score: 0, Pos: [10.596343624102458d, -60.0d, 0.6309251220694511d], Fire: -20s, XpP: 0.0f, EnderItems: [], DataVersion: 3465, foodLevel: 20, foodExhaustionLevel: 0.0f, HurtTime: 0s, SelectedItemSlot: 1, Inventory: [{Slot: 0b, id: "minecraft:spruce_door", Count: 1b}, {Slot: 1b, id: "minecraft:stone", Count: 1b}], LastDeathLocation: {pos: [I; 10, -60, 15], dimension: "minecraft:overworld"}, foodTickTimer: 0}
[23:36:38] [Server thread/INFO]: Summoned new Block Display
[23:36:38] [Server thread/INFO]: Modified entity data of 66cd7e5e-3fbd-491c-b766-574a020b8c68
[23:36:38] [Server thread/INFO]: Summoned new Block Display
[23:36:38] [Server thread/INFO]: Modified entity data of 05b9b73d-e52e-4034-9850-000798c471e0
[23:36:38] [Server thread/INFO]: Summoned new Block Display
[23:36:38] [Server thread/INFO]: Modified entity data of 972253a1-e7d9-4132-9f19-7e3daeda14d2
[23:36:38] [Server thread/INFO]: Summoned new Block Display
[23:36:38] [Server thread/INFO]: Modified entity data of 08c65736-110f-4361-83ad-947bbb2e4465
[23:36:44] [Server thread/INFO]: <__Curse> kill-all
[23:36:44] [Server thread/INFO]: Killed 4 entities
[23:36:47] [Server thread/INFO]: <__Curse> summonDoor
[23:36:47] [Server thread/INFO]: __Curse has the following entity data: {Brain: {memories: {}}, HurtByTimestamp: 0, SleepTimer: 0s, Attributes: [{Base: 0.10000000149011612d, Name: "minecraft:generic.movement_speed"}], Invulnerable: 0b, FallFlying: 0b, PortalCooldown: 0, AbsorptionAmount: 0.0f, abilities: {invulnerable: 1b, mayfly: 1b, instabuild: 1b, walkSpeed: 0.1f, mayBuild: 1b, flying: 0b, flySpeed: 0.05f}, FallDistance: 0.0f, recipeBook: {recipes: ["minecraft:stone_stairs_from_stone_stonecutting", "minecraft:barrel", "minecraft:stone_shovel", "minecraft:cobblestone_stairs", "minecraft:crafting_table", "minecraft:cobblestone_wall_from_cobblestone_stonecutting", "minecraft:stone_stairs", "minecraft:stone", "minecraft:cobblestone_wall", "minecraft:stone_hoe", "minecraft:stone_brick_stairs_from_stone_stonecutting", "minecraft:stone_slab_from_stone_stonecutting", "minecraft:lever", "minecraft:stone_pressure_plate", "minecraft:stone_sword", "minecraft:stone_button", "minecraft:stonecutter", "minecraft:stone_pickaxe", "minecraft:stone_brick_slab_from_stone_stonecutting", "minecraft:cobblestone_slab", "minecraft:chiseled_stone_bricks_stone_from_stonecutting", "minecraft:composter", "minecraft:furnace", "minecraft:stone_bricks", "minecraft:stone_slab", "minecraft:stone_brick_walls_from_stone_stonecutting", "minecraft:cobblestone_stairs_from_cobblestone_stonecutting", "minecraft:stone_bricks_from_stone_stonecutting", "minecraft:cobblestone_slab_from_cobblestone_stonecutting", "minecraft:stone_axe", "minecraft:smooth_stone"], isBlastingFurnaceFilteringCraftable: 0b, isSmokerGuiOpen: 0b, isFilteringCraftable: 0b, toBeDisplayed: ["minecraft:stone_stairs_from_stone_stonecutting", "minecraft:barrel", "minecraft:stone_shovel", "minecraft:cobblestone_stairs", "minecraft:crafting_table", "minecraft:cobblestone_wall_from_cobblestone_stonecutting", "minecraft:stone_stairs", "minecraft:stone", "minecraft:cobblestone_wall", "minecraft:stone_hoe", "minecraft:stone_brick_stairs_from_stone_stonecutting", "minecraft:stone_slab_from_stone_stonecutting", "minecraft:lever", "minecraft:stone_pressure_plate", "minecraft:stone_sword", "minecraft:stone_button", "minecraft:stonecutter", "minecraft:stone_pickaxe", "minecraft:stone_brick_slab_from_stone_stonecutting", "minecraft:cobblestone_slab", "minecraft:chiseled_stone_bricks_stone_from_stonecutting", "minecraft:composter", "minecraft:furnace", "minecraft:stone_bricks", "minecraft:stone_slab", "minecraft:stone_brick_walls_from_stone_stonecutting", "minecraft:cobblestone_stairs_from_cobblestone_stonecutting", "minecraft:stone_bricks_from_stone_stonecutting", "minecraft:cobblestone_slab_from_cobblestone_stonecutting", "minecraft:stone_axe", "minecraft:smooth_stone"], isFurnaceGuiOpen: 0b, isGuiOpen: 0b, isFurnaceFilteringCraftable: 0b, isBlastingFurnaceGuiOpen: 0b, isSmokerFilteringCraftable: 0b}, DeathTime: 0s, XpSeed: 28929306, XpTotal: 0, UUID: [I; -1013276889, -1069724314, -1917132862, -1706652452], playerGameType: 1, SelectedItem: {id: "minecraft:stone", Count: 1b}, seenCredits: 0b, Motion: [0.0d, -0.0784000015258789d, 0.0d], Health: 20.0f, foodSaturationLevel: 5.0f, Air: 300s, OnGround: 1b, Dimension: "minecraft:overworld", Rotation: [158.82716f, 85.05089f], XpLevel: 0, warden_spawn_tracker: {warning_level: 0, ticks_since_last_warning: 345, cooldown_ticks: 0}, Score: 0, Pos: [9.300000011920929d, -60.0d, 0.46990120972713095d], Fire: -20s, XpP: 0.0f, EnderItems: [], DataVersion: 3465, foodLevel: 20, foodExhaustionLevel: 0.0f, HurtTime: 0s, SelectedItemSlot: 1, Inventory: [{Slot: 0b, id: "minecraft:spruce_door", Count: 1b}, {Slot: 1b, id: "minecraft:stone", Count: 1b}], LastDeathLocation: {pos: [I; 10, -60, 15], dimension: "minecraft:overworld"}, foodTickTimer: 0}
[23:36:47] [Server thread/INFO]: Summoned new Block Display
[23:36:47] [Server thread/INFO]: Modified entity data of 5d542766-1066-4004-a4b8-482e2dcd43cb
[23:36:47] [Server thread/INFO]: Summoned new Block Display
[23:36:47] [Server thread/INFO]: Modified entity data of 9ef28b1b-7998-4da2-9620-1efa21e10ea0
[23:36:48] [Server thread/INFO]: Summoned new Block Display
[23:36:48] [Server thread/INFO]: Modified entity data of 7ed319b6-25ba-4a83-84da-ed1145ac801c
[23:36:48] [Server thread/INFO]: Summoned new Block Display
[23:36:48] [Server thread/INFO]: Modified entity data of d64edfb4-d749-494b-b433-a5454031080f
[23:36:52] [Server thread/INFO]: <__Curse> rotateDoor
[23:36:52] [Server thread/INFO]: Modified entity data of 5d542766-1066-4004-a4b8-482e2dcd43cb
[23:36:52] [Server thread/INFO]: Modified entity data of 9ef28b1b-7998-4da2-9620-1efa21e10ea0
[23:36:52] [Server thread/INFO]: Modified entity data of 7ed319b6-25ba-4a83-84da-ed1145ac801c
[23:36:52] [Server thread/INFO]: Modified entity data of d64edfb4-d749-494b-b433-a5454031080f
[23:37:14] [Server thread/INFO]: <__Curse> stop
[23:37:14] [Server thread/INFO]: Stopping the server
[23:37:14] [Server thread/INFO]: Stopping server
[23:37:14] [Server thread/INFO]: Saving players
[23:37:14] [Server thread/INFO]: Saving worlds
[23:37:15] [Server thread/INFO]: Saving chunks for level 'ServerLevel[void]'/minecraft:overworld
[23:37:15] [Server thread/INFO]: Saving chunks for level 'ServerLevel[void]'/minecraft:the_nether
[23:37:15] [Server thread/INFO]: Saving chunks for level 'ServerLevel[void]'/minecraft:the_end
[23:37:15] [Server thread/INFO]: ThreadedAnvilChunkStorage (world): All chunks are saved
[23:37:15] [Server thread/INFO]: ThreadedAnvilChunkStorage (DIM-1): All chunks are saved
[23:37:15] [Server thread/INFO]: ThreadedAnvilChunkStorage (DIM1): All chunks are saved
[23:37:15] [Server thread/INFO]: ThreadedAnvilChunkStorage: All dimensions are saved
